<?xml version="1.0" encoding="utf-8"?>
<TestRun id="e133e8c6-3e5d-4b56-8ca0-9581d9337cc3" name="jarig@ETERNALS 2026-03-30 00:18:59" runUser="ETERNALS\jarig" xmlns="http://microsoft.com/schemas/VisualStudio/TeamTest/2010">
  <Times creation="2026-03-30T00:18:59.1554731-05:00" queuing="2026-03-30T00:18:59.1554736-05:00" start="2026-03-30T00:18:52.8212631-05:00" finish="2026-03-30T00:19:01.4420430-05:00" />
  <TestSettings name="default" id="f93c9ec4-a714-4547-a32a-9ee4c6a9c4dc">
    <Deployment runDeploymentRoot="jarig_ETERNALS_2026-03-30_00_18_59" />
  </TestSettings>
  <Results>
    <UnitTestResult executionId="f57a9eef-231f-4c97-8e1a-f1a1be98ed6c" testId="d625836b-b15a-69fd-629e-7f48c333d524" testName="MailMonitor.IntegrationTests.Api.TriggersApiIntegrationTests.Post_ShouldReturnCreatedAndAllowGetById" computerName="ETERNALS" duration="00:00:04.2689262" startTime="2026-03-30T00:18:59.4795152-05:00" endTime="2026-03-30T00:18:59.4795157-05:00" testType="13cdc9d9-ddb5-4fa4-a97d-d965ccfc6d4b" outcome="Passed" testListId="8c84fa94-04c1-424b-9868-57a2d4851a1d" relativeResultsDirectory="f57a9eef-231f-4c97-8e1a-f1a1be98ed6c" />
    <UnitTestResult executionId="d2a970ce-e674-48e2-9436-0818037ee883" testId="3fcb46bd-b07b-4ce8-2e67-740bf3339bb4" testName="MailMonitor.IntegrationTests.Api.SettingsApiIntegrationTests.Put_ShouldPersistBaseStorageFolder_InSqlite" computerName="ETERNALS" duration="00:00:00.2757804" startTime="2026-03-30T00:18:59.3610948-05:00" endTime="2026-03-30T00:18:59.3610953-05:00" testType="13cdc9d9-ddb5-4fa4-a97d-d965ccfc6d4b" outcome="Passed" testListId="8c84fa94-04c1-424b-9868-57a2d4851a1d" relativeResultsDirectory="d2a970ce-e674-48e2-9436-0818037ee883" />
    <UnitTestResult executionId="23ce4f41-cbdf-4da0-9eb0-3a2f42de7b7d" testId="957c4e58-722b-98ff-1147-e0c29c1f60e9" testName="MailMonitor.IntegrationTests.Api.SettingsApiIntegrationTests.Get_ShouldReturnSeededSettings_FromSqlite" computerName="ETERNALS" duration="00:00:03.8645452" startTime="2026-03-30T00:18:59.0827716-05:00" endTime="2026-03-30T00:18:59.0828309-05:00" testType="13cdc9d9-ddb5-4fa4-a97d-d965ccfc6d4b" outcome="Passed" testListId="8c84fa94-04c1-424b-9868-57a2d4851a1d" relativeResultsDirectory="23ce4f41-cbdf-4da0-9eb0-3a2f42de7b7d" />
    <UnitTestResult executionId="2878c60c-397a-4d17-9b43-9a53dd6728ed" testId="2772b6fe-1c9c-831c-6262-a305af4dd2f5" testName="MailMonitor.IntegrationTests.Api.GraphSettingsApiIntegrationTests.Get_ShouldMaskShortClientSecret_Completely" computerName="ETERNALS" duration="00:00:04.0197772" startTime="2026-03-30T00:18:59.2305737-05:00" endTime="2026-03-30T00:18:59.2305741-05:00" testType="13cdc9d9-ddb5-4fa4-a97d-d965ccfc6d4b" outcome="Passed" testListId="8c84fa94-04c1-424b-9868-57a2d4851a1d" relativeResultsDirectory="2878c60c-397a-4d17-9b43-9a53dd6728ed" />
    <UnitTestResult executionId="68997686-df49-4e0a-8a6c-cf253ac23297" testId="f0012e1f-72a3-c25f-a3c6-ec8f862f935c" testName="MailMonitor.IntegrationTests.Api.EmailStatisticsApiIntegrationTests.Get_ShouldReturnDataFilteredByCompanyProcessedAndDateRange" computerName="ETERNALS" duration="00:00:05.9315773" startTime="2026-03-30T00:19:01.1422658-05:00" endTime="2026-03-30T00:19:01.1422662-05:00" testType="13cdc9d9-ddb5-4fa4-a97d-d965ccfc6d4b" outcome="Passed" testListId="8c84fa94-04c1-424b-9868-57a2d4851a1d" relativeResultsDirectory="68997686-df49-4e0a-8a6c-cf253ac23297" />
    <UnitTestResult executionId="7550f0b4-10f0-4b35-a9f8-854f408a9359" testId="42da67e2-7a3f-4576-32d3-6fed18539b22" testName="MailMonitor.IntegrationTests.Api.CompaniesApiIntegrationTests.Crud_ShouldPersistAndReturnCompany_FromSqlite" computerName="ETERNALS" duration="00:00:04.3813392" startTime="2026-03-30T00:18:59.5912925-05:00" endTime="2026-03-30T00:18:59.5912934-05:00" testType="13cdc9d9-ddb5-4fa4-a97d-d965ccfc6d4b" outcome="Passed" testListId="8c84fa94-04c1-424b-9868-57a2d4851a1d" relativeResultsDirectory="7550f0b4-10f0-4b35-a9f8-854f408a9359" />
    <UnitTestResult executionId="6f011973-6cd4-41f3-8771-61e8c0f55014" testId="bd5f03cc-225a-2c02-c9f2-b94921fb3fcf" testName="MailMonitor.IntegrationTests.Api.GraphSettingsApiIntegrationTests.Get_ShouldShowOnlyLastFourCharacters_ForLongClientSecret" computerName="ETERNALS" duration="00:00:00.2339706" startTime="2026-03-30T00:18:59.4645630-05:00" endTime="2026-03-30T00:18:59.4645633-05:00" testType="13cdc9d9-ddb5-4fa4-a97d-d965ccfc6d4b" outcome="Passed" testListId="8c84fa94-04c1-424b-9868-57a2d4851a1d" relativeResultsDirectory="6f011973-6cd4-41f3-8771-61e8c0f55014" />
    <UnitTestResult executionId="39e754f7-01b5-40da-aa8e-e08355962c52" testId="033ba254-fb22-cd82-e6dc-0a1ddbf7601e" testName="MailMonitor.IntegrationTests.Api.EmailStatisticsApiIntegrationTests.Get_ShouldReturnBadRequest_WhenToIsBeforeFrom" computerName="ETERNALS" duration="00:00:00.0969265" startTime="2026-03-30T00:19:01.2405733-05:00" endTime="2026-03-30T00:19:01.2405736-05:00" testType="13cdc9d9-ddb5-4fa4-a97d-d965ccfc6d4b" outcome="Passed" testListId="8c84fa94-04c1-424b-9868-57a2d4851a1d" relativeResultsDirectory="39e754f7-01b5-40da-aa8e-e08355962c52" />
  </Results>
  <TestDefinitions>
    <UnitTest name="MailMonitor.IntegrationTests.Api.GraphSettingsApiIntegrationTests.Get_ShouldMaskShortClientSecret_Completely" storage="c:\users\jarig\source\repos\mastermailmonitoring\mailmonitor.integrationtests\bin\debug\net8.0\mailmonitor.integrationtests.dll" id="2772b6fe-1c9c-831c-6262-a305af4dd2f5">
      <Execution id="2878c60c-397a-4d17-9b43-9a53dd6728ed" />
      <TestMethod codeBase="C:\Users\jarig\source\repos\MasterMailMonitoring\MailMonitor.IntegrationTests\bin\Debug\net8.0\MailMonitor.IntegrationTests.dll" adapterTypeName="executor://xunit/VsTestRunner2/netcoreapp" className="MailMonitor.IntegrationTests.Api.GraphSettingsApiIntegrationTests" name="Get_ShouldMaskShortClientSecret_Completely" />
    </UnitTest>
    <UnitTest name="MailMonitor.IntegrationTests.Api.EmailStatisticsApiIntegrationTests.Get_ShouldReturnDataFilteredByCompanyProcessedAndDateRange" storage="c:\users\jarig\source\repos\mastermailmonitoring\mailmonitor.integrationtests\bin\debug\net8.0\mailmonitor.integrationtests.dll" id="f0012e1f-72a3-c25f-a3c6-ec8f862f935c">
      <Execution id="68997686-df49-4e0a-8a6c-cf253ac23297" />
      <TestMethod codeBase="C:\Users\jarig\source\repos\MasterMailMonitoring\MailMonitor.IntegrationTests\bin\Debug\net8.0\MailMonitor.IntegrationTests.dll" adapterTypeName="executor://xunit/VsTestRunner2/netcoreapp" className="MailMonitor.IntegrationTests.Api.EmailStatisticsApiIntegrationTests" name="Get_ShouldReturnDataFilteredByCompanyProcessedAndDateRange" />
    </UnitTest>
    <UnitTest name="MailMonitor.IntegrationTests.Api.SettingsApiIntegrationTests.Put_ShouldPersistBaseStorageFolder_InSqlite" storage="c:\users\jarig\source\repos\mastermailmonitoring\mailmonitor.integrationtests\bin\debug\net8.0\mailmonitor.integrationtests.dll" id="3fcb46bd-b07b-4ce8-2e67-740bf3339bb4">
      <Execution id="d2a970ce-e674-48e2-9436-0818037ee883" />
      <TestMethod codeBase="C:\Users\jarig\source\repos\MasterMailMonitoring\MailMonitor.IntegrationTests\bin\Debug\net8.0\MailMonitor.IntegrationTests.dll" adapterTypeName="executor://xunit/VsTestRunner2/netcoreapp" className="MailMonitor.IntegrationTests.Api.SettingsApiIntegrationTests" name="Put_ShouldPersistBaseStorageFolder_InSqlite" />
    </UnitTest>
    <UnitTest name="MailMonitor.IntegrationTests.Api.CompaniesApiIntegrationTests.Crud_ShouldPersistAndReturnCompany_FromSqlite" storage="c:\users\jarig\source\repos\mastermailmonitoring\mailmonitor.integrationtests\bin\debug\net8.0\mailmonitor.integrationtests.dll" id="42da67e2-7a3f-4576-32d3-6fed18539b22">
      <Execution id="7550f0b4-10f0-4b35-a9f8-854f408a9359" />
      <TestMethod codeBase="C:\Users\jarig\source\repos\MasterMailMonitoring\MailMonitor.IntegrationTests\bin\Debug\net8.0\MailMonitor.IntegrationTests.dll" adapterTypeName="executor://xunit/VsTestRunner2/netcoreapp" className="MailMonitor.IntegrationTests.Api.CompaniesApiIntegrationTests" name="Crud_ShouldPersistAndReturnCompany_FromSqlite" />
    </UnitTest>
    <UnitTest name="MailMonitor.IntegrationTests.Api.EmailStatisticsApiIntegrationTests.Get_ShouldReturnBadRequest_WhenToIsBeforeFrom" storage="c:\users\jarig\source\repos\mastermailmonitoring\mailmonitor.integrationtests\bin\debug\net8.0\mailmonitor.integrationtests.dll" id="033ba254-fb22-cd82-e6dc-0a1ddbf7601e">
      <Execution id="39e754f7-01b5-40da-aa8e-e08355962c52" />
      <TestMethod codeBase="C:\Users\jarig\source\repos\MasterMailMonitoring\MailMonitor.IntegrationTests\bin\Debug\net8.0\MailMonitor.IntegrationTests.dll" adapterTypeName="executor://xunit/VsTestRunner2/netcoreapp" className="MailMonitor.IntegrationTests.Api.EmailStatisticsApiIntegrationTests" name="Get_ShouldReturnBadRequest_WhenToIsBeforeFrom" />
    </UnitTest>
    <UnitTest name="MailMonitor.IntegrationTests.Api.GraphSettingsApiIntegrationTests.Get_ShouldShowOnlyLastFourCharacters_ForLongClientSecret" storage="c:\users\jarig\source\repos\mastermailmonitoring\mailmonitor.integrationtests\bin\debug\net8.0\mailmonitor.integrationtests.dll" id="bd5f03cc-225a-2c02-c9f2-b94921fb3fcf">
      <Execution id="6f011973-6cd4-41f3-8771-61e8c0f55014" />
      <TestMethod codeBase="C:\Users\jarig\source\repos\MasterMailMonitoring\MailMonitor.IntegrationTests\bin\Debug\net8.0\MailMonitor.IntegrationTests.dll" adapterTypeName="executor://xunit/VsTestRunner2/netcoreapp" className="MailMonitor.IntegrationTests.Api.GraphSettingsApiIntegrationTests" name="Get_ShouldShowOnlyLastFourCharacters_ForLongClientSecret" />
    </UnitTest>
    <UnitTest name="MailMonitor.IntegrationTests.Api.TriggersApiIntegrationTests.Post_ShouldReturnCreatedAndAllowGetById" storage="c:\users\jarig\source\repos\mastermailmonitoring\mailmonitor.integrationtests\bin\debug\net8.0\mailmonitor.integrationtests.dll" id="d625836b-b15a-69fd-629e-7f48c333d524">
      <Execution id="f57a9eef-231f-4c97-8e1a-f1a1be98ed6c" />
      <TestMethod codeBase="C:\Users\jarig\source\repos\MasterMailMonitoring\MailMonitor.IntegrationTests\bin\Debug\net8.0\MailMonitor.IntegrationTests.dll" adapterTypeName="executor://xunit/VsTestRunner2/netcoreapp" className="MailMonitor.IntegrationTests.Api.TriggersApiIntegrationTests" name="Post_ShouldReturnCreatedAndAllowGetById" />
    </UnitTest>
    <UnitTest name="MailMonitor.IntegrationTests.Api.SettingsApiIntegrationTests.Get_ShouldReturnSeededSettings_FromSqlite" storage="c:\users\jarig\source\repos\mastermailmonitoring\mailmonitor.integrationtests\bin\debug\net8.0\mailmonitor.integrationtests.dll" id="957c4e58-722b-98ff-1147-e0c29c1f60e9">
      <Execution id="23ce4f41-cbdf-4da0-9eb0-3a2f42de7b7d" />
      <TestMethod codeBase="C:\Users\jarig\source\repos\MasterMailMonitoring\MailMonitor.IntegrationTests\bin\Debug\net8.0\MailMonitor.IntegrationTests.dll" adapterTypeName="executor://xunit/VsTestRunner2/netcoreapp" className="MailMonitor.IntegrationTests.Api.SettingsApiIntegrationTests" name="Get_ShouldReturnSeededSettings_FromSqlite" />
    </UnitTest>
  </TestDefinitions>
  <TestEntries>
    <TestEntry testId="d625836b-b15a-69fd-629e-7f48c333d524" executionId="f57a9eef-231f-4c97-8e1a-f1a1be98ed6c" testListId="8c84fa94-04c1-424b-9868-57a2d4851a1d" />
    <TestEntry testId="3fcb46bd-b07b-4ce8-2e67-740bf3339bb4" executionId="d2a970ce-e674-48e2-9436-0818037ee883" testListId="8c84fa94-04c1-424b-9868-57a2d4851a1d" />
    <TestEntry testId="957c4e58-722b-98ff-1147-e0c29c1f60e9" executionId="23ce4f41-cbdf-4da0-9eb0-3a2f42de7b7d" testListId="8c84fa94-04c1-424b-9868-57a2d4851a1d" />
    <TestEntry testId="2772b6fe-1c9c-831c-6262-a305af4dd2f5" executionId="2878c60c-397a-4d17-9b43-9a53dd6728ed" testListId="8c84fa94-04c1-424b-9868-57a2d4851a1d" />
    <TestEntry testId="f0012e1f-72a3-c25f-a3c6-ec8f862f935c" executionId="68997686-df49-4e0a-8a6c-cf253ac23297" testListId="8c84fa94-04c1-424b-9868-57a2d4851a1d" />
    <TestEntry testId="42da67e2-7a3f-4576-32d3-6fed18539b22" executionId="7550f0b4-10f0-4b35-a9f8-854f408a9359" testListId="8c84fa94-04c1-424b-9868-57a2d4851a1d" />
    <TestEntry testId="bd5f03cc-225a-2c02-c9f2-b94921fb3fcf" executionId="6f011973-6cd4-41f3-8771-61e8c0f55014" testListId="8c84fa94-04c1-424b-9868-57a2d4851a1d" />
    <TestEntry testId="033ba254-fb22-cd82-e6dc-0a1ddbf7601e" executionId="39e754f7-01b5-40da-aa8e-e08355962c52" testListId="8c84fa94-04c1-424b-9868-57a2d4851a1d" />
  </TestEntries>
  <TestLists>
    <TestList name="Resultados sin formato de lista" id="8c84fa94-04c1-424b-9868-57a2d4851a1d" />
    <TestList name="Todos los resultados cargados" id="19431567-8539-422a-85d7-44ee4e166bda" />
  </TestLists>
  <ResultSummary outcome="Completed">
    <Counters total="8" executed="8" passed="8" failed="0" error="0" timeout="0" aborted="0" inconclusive="0" passedButRunAborted="0" notRunnable="0" notExecuted="0" disconnected="0" warning="0" completed="0" inProgress="0" pending="0" />
    <Output>
      <StdOut>[xUnit.net 00:00:00.00] xUnit.net VSTest Adapter v2.5.3.1+6b60a9e56a (64-bit .NET 8.0.25)&#xD;
[xUnit.net 00:00:00.54]   Discovering: MailMonitor.IntegrationTests&#xD;
[xUnit.net 00:00:00.63]   Discovered:  MailMonitor.IntegrationTests&#xD;
[xUnit.net 00:00:00.64]   Starting:    MailMonitor.IntegrationTests&#xD;
[xUnit.net 00:00:06.77]   Finished:    MailMonitor.IntegrationTests&#xD;
</StdOut>
    </Output>
  </ResultSummary>
</TestRun>